2017-01-24 19:19:11 - fix: typo in README
2017-02-04 19:24:45 - docs: update usage examples
2017-02-14 16:48:19 - feat: support user sessions
2017-02-24 20:07:13 - feat: add logging support
2017-03-03 12:53:43 - feat: support user sessions
2017-03-13 17:39:17 - docs: add installation guide
2017-03-19 10:14:58 - test: add unit tests for nlp module
2017-03-24 13:28:44 - feat: add initial function
2017-04-02 20:36:17 - feat: add initial function
2017-04-08 17:39:08 - refactor: optimize message handling
2017-04-16 13:19:28 - chore: update dependencies
2017-04-23 12:36:01 - feat: support user sessions
2017-05-01 17:41:37 - feat: add logging support
2017-05-12 11:20:41 - fix: handle empty input gracefully
2017-05-17 12:20:32 - docs: update usage examples
2017-05-22 15:18:33 - chore: update dependencies
2017-05-27 14:34:25 - test: extend test coverage
2017-06-01 16:35:52 - test: extend test coverage
2017-06-12 10:34:48 - feat: improve training pipeline
2017-06-22 14:58:50 - docs: update usage examples
2017-07-02 14:43:04 - refactor: clean up utils
2017-07-13 10:21:20 - docs: add installation guide
2017-07-20 09:57:27 - feat: improve training pipeline
2017-07-29 14:52:52 - chore: update dependencies
2017-08-03 17:16:43 - fix: update response parser
